{"/home/tobias/Documents/HackReactor/Project-Catwalk-FEC/client/src/components/R-and-R/r-and-r.jsx": {"path":"/home/tobias/Documents/HackReactor/Project-Catwalk-FEC/client/src/components/R-and-R/r-and-r.jsx","statementMap":{"0":{"start":{"line":6,"column":15},"end":{"line":80,"column":1}},"1":{"start":{"line":7,"column":28},"end":{"line":7,"column":38}},"2":{"start":{"line":8,"column":26},"end":{"line":8,"column":36}},"3":{"start":{"line":9,"column":17},"end":{"line":9,"column":36}},"4":{"start":{"line":10,"column":36},"end":{"line":10,"column":51}},"5":{"start":{"line":11,"column":32},"end":{"line":11,"column":44}},"6":{"start":{"line":12,"column":32},"end":{"line":12,"column":44}},"7":{"start":{"line":13,"column":18},"end":{"line":13,"column":30}},"8":{"start":{"line":14,"column":21},"end":{"line":35,"column":3}},"9":{"start":{"line":15,"column":19},"end":{"line":20,"column":5}},"10":{"start":{"line":21,"column":4},"end":{"line":34,"column":9}},"11":{"start":{"line":23,"column":8},"end":{"line":28,"column":9}},"12":{"start":{"line":24,"column":10},"end":{"line":24,"column":40}},"13":{"start":{"line":25,"column":10},"end":{"line":25,"column":38}},"14":{"start":{"line":26,"column":10},"end":{"line":26,"column":60}},"15":{"start":{"line":27,"column":10},"end":{"line":27,"column":44}},"16":{"start":{"line":31,"column":8},"end":{"line":33,"column":9}},"17":{"start":{"line":32,"column":10},"end":{"line":32,"column":20}},"18":{"start":{"line":37,"column":21},"end":{"line":52,"column":3}},"19":{"start":{"line":38,"column":19},"end":{"line":40,"column":5}},"20":{"start":{"line":41,"column":4},"end":{"line":51,"column":9}},"21":{"start":{"line":43,"column":8},"end":{"line":45,"column":9}},"22":{"start":{"line":44,"column":10},"end":{"line":44,"column":41}},"23":{"start":{"line":48,"column":8},"end":{"line":50,"column":9}},"24":{"start":{"line":49,"column":10},"end":{"line":49,"column":20}},"25":{"start":{"line":54,"column":19},"end":{"line":65,"column":3}},"26":{"start":{"line":55,"column":4},"end":{"line":63,"column":5}},"27":{"start":{"line":56,"column":6},"end":{"line":62,"column":8}},"28":{"start":{"line":64,"column":4},"end":{"line":64,"column":17}},"29":{"start":{"line":67,"column":2},"end":{"line":71,"column":9}},"30":{"start":{"line":68,"column":4},"end":{"line":68,"column":17}},"31":{"start":{"line":69,"column":4},"end":{"line":69,"column":17}},"32":{"start":{"line":70,"column":4},"end":{"line":70,"column":46}},"33":{"start":{"line":70,"column":19},"end":{"line":70,"column":43}},"34":{"start":{"line":72,"column":2},"end":{"line":79,"column":4}}},"fnMap":{"0":{"name":"(anonymous_0)","decl":{"start":{"line":6,"column":15},"end":{"line":6,"column":16}},"loc":{"start":{"line":6,"column":21},"end":{"line":80,"column":1}},"line":6},"1":{"name":"(anonymous_1)","decl":{"start":{"line":14,"column":21},"end":{"line":14,"column":22}},"loc":{"start":{"line":14,"column":27},"end":{"line":35,"column":3}},"line":14},"2":{"name":"(anonymous_2)","decl":{"start":{"line":22,"column":12},"end":{"line":22,"column":13}},"loc":{"start":{"line":22,"column":26},"end":{"line":29,"column":7}},"line":22},"3":{"name":"(anonymous_3)","decl":{"start":{"line":30,"column":13},"end":{"line":30,"column":14}},"loc":{"start":{"line":30,"column":22},"end":{"line":34,"column":7}},"line":30},"4":{"name":"(anonymous_4)","decl":{"start":{"line":37,"column":21},"end":{"line":37,"column":22}},"loc":{"start":{"line":37,"column":27},"end":{"line":52,"column":3}},"line":37},"5":{"name":"(anonymous_5)","decl":{"start":{"line":42,"column":12},"end":{"line":42,"column":13}},"loc":{"start":{"line":42,"column":26},"end":{"line":46,"column":7}},"line":42},"6":{"name":"(anonymous_6)","decl":{"start":{"line":47,"column":13},"end":{"line":47,"column":14}},"loc":{"start":{"line":47,"column":22},"end":{"line":51,"column":7}},"line":47},"7":{"name":"(anonymous_7)","decl":{"start":{"line":54,"column":19},"end":{"line":54,"column":20}},"loc":{"start":{"line":54,"column":25},"end":{"line":65,"column":3}},"line":54},"8":{"name":"(anonymous_8)","decl":{"start":{"line":67,"column":12},"end":{"line":67,"column":13}},"loc":{"start":{"line":67,"column":18},"end":{"line":71,"column":3}},"line":67},"9":{"name":"(anonymous_9)","decl":{"start":{"line":70,"column":11},"end":{"line":70,"column":12}},"loc":{"start":{"line":70,"column":17},"end":{"line":70,"column":45}},"line":70}},"branchMap":{"0":{"loc":{"start":{"line":23,"column":8},"end":{"line":28,"column":9}},"type":"if","locations":[{"start":{"line":23,"column":8},"end":{"line":28,"column":9}},{"start":{"line":23,"column":8},"end":{"line":28,"column":9}}],"line":23},"1":{"loc":{"start":{"line":31,"column":8},"end":{"line":33,"column":9}},"type":"if","locations":[{"start":{"line":31,"column":8},"end":{"line":33,"column":9}},{"start":{"line":31,"column":8},"end":{"line":33,"column":9}}],"line":31},"2":{"loc":{"start":{"line":43,"column":8},"end":{"line":45,"column":9}},"type":"if","locations":[{"start":{"line":43,"column":8},"end":{"line":45,"column":9}},{"start":{"line":43,"column":8},"end":{"line":45,"column":9}}],"line":43},"3":{"loc":{"start":{"line":48,"column":8},"end":{"line":50,"column":9}},"type":"if","locations":[{"start":{"line":48,"column":8},"end":{"line":50,"column":9}},{"start":{"line":48,"column":8},"end":{"line":50,"column":9}}],"line":48},"4":{"loc":{"start":{"line":55,"column":4},"end":{"line":63,"column":5}},"type":"if","locations":[{"start":{"line":55,"column":4},"end":{"line":63,"column":5}},{"start":{"line":55,"column":4},"end":{"line":63,"column":5}}],"line":55}},"s":{"0":1,"1":2,"2":2,"3":2,"4":2,"5":2,"6":2,"7":2,"8":2,"9":2,"10":2,"11":0,"12":0,"13":0,"14":0,"15":0,"16":0,"17":0,"18":2,"19":2,"20":2,"21":0,"22":0,"23":0,"24":0,"25":2,"26":2,"27":0,"28":2,"29":2,"30":2,"31":2,"32":2,"33":1,"34":2},"f":{"0":2,"1":2,"2":0,"3":0,"4":2,"5":0,"6":0,"7":2,"8":2,"9":1},"b":{"0":[0,0],"1":[0,0],"2":[0,0],"3":[0,0],"4":[0,2]},"_coverageSchema":"1a1c01bbd47fc00a2c39e90264f33305004495a9","hash":"df6f4764c0ae435908366c9dea2b9bf1f639d61f"}
,"/home/tobias/Documents/HackReactor/Project-Catwalk-FEC/client/src/components/R-and-R/components/response-form.jsx": {"path":"/home/tobias/Documents/HackReactor/Project-Catwalk-FEC/client/src/components/R-and-R/components/response-form.jsx","statementMap":{"0":{"start":{"line":8,"column":21},"end":{"line":73,"column":1}},"1":{"start":{"line":9,"column":30},"end":{"line":9,"column":42}},"2":{"start":{"line":10,"column":24},"end":{"line":10,"column":39}},"3":{"start":{"line":11,"column":26},"end":{"line":11,"column":41}},"4":{"start":{"line":13,"column":22},"end":{"line":13,"column":42}},"5":{"start":{"line":13,"column":28},"end":{"line":13,"column":42}},"6":{"start":{"line":14,"column":21},"end":{"line":14,"column":40}},"7":{"start":{"line":14,"column":27},"end":{"line":14,"column":40}},"8":{"start":{"line":16,"column":2},"end":{"line":72,"column":4}},"9":{"start":{"line":63,"column":32},"end":{"line":63,"column":44}}},"fnMap":{"0":{"name":"(anonymous_0)","decl":{"start":{"line":8,"column":21},"end":{"line":8,"column":22}},"loc":{"start":{"line":8,"column":32},"end":{"line":73,"column":1}},"line":8},"1":{"name":"(anonymous_1)","decl":{"start":{"line":13,"column":22},"end":{"line":13,"column":23}},"loc":{"start":{"line":13,"column":28},"end":{"line":13,"column":42}},"line":13},"2":{"name":"(anonymous_2)","decl":{"start":{"line":14,"column":21},"end":{"line":14,"column":22}},"loc":{"start":{"line":14,"column":27},"end":{"line":14,"column":40}},"line":14},"3":{"name":"(anonymous_3)","decl":{"start":{"line":63,"column":25},"end":{"line":63,"column":26}},"loc":{"start":{"line":63,"column":32},"end":{"line":63,"column":44}},"line":63}},"branchMap":{},"s":{"0":1,"1":7,"2":7,"3":7,"4":7,"5":0,"6":7,"7":1,"8":7,"9":0},"f":{"0":7,"1":0,"2":1,"3":0},"b":{},"_coverageSchema":"1a1c01bbd47fc00a2c39e90264f33305004495a9","hash":"5f8dce8133c765f20d17cca306b99913ef7559b8"}
,"/home/tobias/Documents/HackReactor/Project-Catwalk-FEC/client/src/components/R-and-R/components/review-tile.jsx": {"path":"/home/tobias/Documents/HackReactor/Project-Catwalk-FEC/client/src/components/R-and-R/components/review-tile.jsx","statementMap":{"0":{"start":{"line":14,"column":19},"end":{"line":358,"column":1}},"1":{"start":{"line":15,"column":21},"end":{"line":15,"column":36}},"2":{"start":{"line":16,"column":21},"end":{"line":16,"column":36}},"3":{"start":{"line":17,"column":28},"end":{"line":17,"column":43}},"4":{"start":{"line":18,"column":32},"end":{"line":18,"column":53}},"5":{"start":{"line":19,"column":23},"end":{"line":19,"column":38}},"6":{"start":{"line":20,"column":23},"end":{"line":20,"column":38}},"7":{"start":{"line":21,"column":27},"end":{"line":21,"column":65}},"8":{"start":{"line":21,"column":42},"end":{"line":21,"column":64}},"9":{"start":{"line":22,"column":26},"end":{"line":22,"column":41}},"10":{"start":{"line":23,"column":25},"end":{"line":23,"column":40}},"11":{"start":{"line":25,"column":25},"end":{"line":25,"column":40}},"12":{"start":{"line":26,"column":29},"end":{"line":26,"column":44}},"13":{"start":{"line":27,"column":24},"end":{"line":27,"column":39}},"14":{"start":{"line":28,"column":38},"end":{"line":28,"column":53}},"15":{"start":{"line":29,"column":44},"end":{"line":29,"column":59}},"16":{"start":{"line":30,"column":22},"end":{"line":30,"column":37}},"17":{"start":{"line":31,"column":26},"end":{"line":31,"column":41}},"18":{"start":{"line":32,"column":46},"end":{"line":32,"column":60}},"19":{"start":{"line":33,"column":22},"end":{"line":33,"column":42}},"20":{"start":{"line":33,"column":28},"end":{"line":33,"column":42}},"21":{"start":{"line":34,"column":21},"end":{"line":34,"column":40}},"22":{"start":{"line":34,"column":27},"end":{"line":34,"column":40}},"23":{"start":{"line":36,"column":31},"end":{"line":39,"column":3}},"24":{"start":{"line":37,"column":4},"end":{"line":37,"column":17}},"25":{"start":{"line":38,"column":4},"end":{"line":38,"column":29}},"26":{"start":{"line":41,"column":27},"end":{"line":67,"column":3}},"27":{"start":{"line":42,"column":4},"end":{"line":65,"column":5}},"28":{"start":{"line":43,"column":25},"end":{"line":55,"column":8}},"29":{"start":{"line":44,"column":8},"end":{"line":54,"column":10}},"30":{"start":{"line":45,"column":25},"end":{"line":45,"column":56}},"31":{"start":{"line":57,"column":6},"end":{"line":64,"column":8}},"32":{"start":{"line":66,"column":4},"end":{"line":66,"column":17}},"33":{"start":{"line":68,"column":23},"end":{"line":68,"column":51}},"34":{"start":{"line":70,"column":29},"end":{"line":84,"column":3}},"35":{"start":{"line":71,"column":4},"end":{"line":83,"column":5}},"36":{"start":{"line":72,"column":6},"end":{"line":72,"column":30}},"37":{"start":{"line":73,"column":6},"end":{"line":73,"column":26}},"38":{"start":{"line":74,"column":21},"end":{"line":76,"column":7}},"39":{"start":{"line":77,"column":6},"end":{"line":82,"column":11}},"40":{"start":{"line":81,"column":10},"end":{"line":81,"column":20}},"41":{"start":{"line":86,"column":23},"end":{"line":99,"column":3}},"42":{"start":{"line":87,"column":4},"end":{"line":98,"column":5}},"43":{"start":{"line":88,"column":21},"end":{"line":90,"column":7}},"44":{"start":{"line":91,"column":6},"end":{"line":96,"column":11}},"45":{"start":{"line":95,"column":10},"end":{"line":95,"column":20}},"46":{"start":{"line":97,"column":6},"end":{"line":97,"column":29}},"47":{"start":{"line":101,"column":21},"end":{"line":114,"column":3}},"48":{"start":{"line":102,"column":18},"end":{"line":102,"column":40}},"49":{"start":{"line":104,"column":18},"end":{"line":104,"column":38}},"50":{"start":{"line":105,"column":4},"end":{"line":111,"column":5}},"51":{"start":{"line":105,"column":17},"end":{"line":105,"column":31}},"52":{"start":{"line":106,"column":6},"end":{"line":110,"column":7}},"53":{"start":{"line":107,"column":8},"end":{"line":107,"column":21}},"54":{"start":{"line":108,"column":8},"end":{"line":108,"column":42}},"55":{"start":{"line":109,"column":8},"end":{"line":109,"column":14}},"56":{"start":{"line":112,"column":25},"end":{"line":112,"column":49}},"57":{"start":{"line":113,"column":4},"end":{"line":113,"column":35}},"58":{"start":{"line":116,"column":26},"end":{"line":135,"column":3}},"59":{"start":{"line":117,"column":4},"end":{"line":133,"column":5}},"60":{"start":{"line":118,"column":41},"end":{"line":118,"column":64}},"61":{"start":{"line":119,"column":19},"end":{"line":119,"column":56}},"62":{"start":{"line":121,"column":8},"end":{"line":130,"column":14}},"63":{"start":{"line":132,"column":6},"end":{"line":132,"column":30}},"64":{"start":{"line":134,"column":4},"end":{"line":134,"column":51}},"65":{"start":{"line":137,"column":23},"end":{"line":171,"column":3}},"66":{"start":{"line":138,"column":28},"end":{"line":138,"column":43}},"67":{"start":{"line":139,"column":4},"end":{"line":169,"column":5}},"68":{"start":{"line":140,"column":38},"end":{"line":140,"column":59}},"69":{"start":{"line":141,"column":6},"end":{"line":168,"column":8}},"70":{"start":{"line":161,"column":27},"end":{"line":161,"column":41}},"71":{"start":{"line":170,"column":4},"end":{"line":170,"column":16}},"72":{"start":{"line":173,"column":28},"end":{"line":188,"column":3}},"73":{"start":{"line":174,"column":4},"end":{"line":186,"column":5}},"74":{"start":{"line":175,"column":6},"end":{"line":185,"column":8}},"75":{"start":{"line":187,"column":4},"end":{"line":187,"column":17}},"76":{"start":{"line":190,"column":28},"end":{"line":205,"column":3}},"77":{"start":{"line":191,"column":4},"end":{"line":203,"column":5}},"78":{"start":{"line":192,"column":6},"end":{"line":202,"column":8}},"79":{"start":{"line":204,"column":4},"end":{"line":204,"column":17}},"80":{"start":{"line":207,"column":27},"end":{"line":229,"column":3}},"81":{"start":{"line":208,"column":16},"end":{"line":208,"column":18}},"82":{"start":{"line":209,"column":4},"end":{"line":227,"column":5}},"83":{"start":{"line":210,"column":6},"end":{"line":226,"column":8}},"84":{"start":{"line":228,"column":4},"end":{"line":228,"column":15}},"85":{"start":{"line":231,"column":2},"end":{"line":357,"column":4}}},"fnMap":{"0":{"name":"(anonymous_0)","decl":{"start":{"line":14,"column":19},"end":{"line":14,"column":20}},"loc":{"start":{"line":14,"column":30},"end":{"line":358,"column":1}},"line":14},"1":{"name":"(anonymous_1)","decl":{"start":{"line":21,"column":36},"end":{"line":21,"column":37}},"loc":{"start":{"line":21,"column":42},"end":{"line":21,"column":64}},"line":21},"2":{"name":"(anonymous_2)","decl":{"start":{"line":33,"column":22},"end":{"line":33,"column":23}},"loc":{"start":{"line":33,"column":28},"end":{"line":33,"column":42}},"line":33},"3":{"name":"(anonymous_3)","decl":{"start":{"line":34,"column":21},"end":{"line":34,"column":22}},"loc":{"start":{"line":34,"column":27},"end":{"line":34,"column":40}},"line":34},"4":{"name":"(anonymous_4)","decl":{"start":{"line":36,"column":31},"end":{"line":36,"column":32}},"loc":{"start":{"line":36,"column":42},"end":{"line":39,"column":3}},"line":36},"5":{"name":"(anonymous_5)","decl":{"start":{"line":41,"column":27},"end":{"line":41,"column":28}},"loc":{"start":{"line":41,"column":33},"end":{"line":67,"column":3}},"line":41},"6":{"name":"(anonymous_6)","decl":{"start":{"line":43,"column":36},"end":{"line":43,"column":37}},"loc":{"start":{"line":44,"column":8},"end":{"line":54,"column":10}},"line":44},"7":{"name":"(anonymous_7)","decl":{"start":{"line":45,"column":19},"end":{"line":45,"column":20}},"loc":{"start":{"line":45,"column":25},"end":{"line":45,"column":56}},"line":45},"8":{"name":"(anonymous_8)","decl":{"start":{"line":70,"column":29},"end":{"line":70,"column":30}},"loc":{"start":{"line":70,"column":35},"end":{"line":84,"column":3}},"line":70},"9":{"name":"(anonymous_9)","decl":{"start":{"line":78,"column":14},"end":{"line":78,"column":15}},"loc":{"start":{"line":78,"column":20},"end":{"line":79,"column":9}},"line":78},"10":{"name":"(anonymous_10)","decl":{"start":{"line":80,"column":15},"end":{"line":80,"column":16}},"loc":{"start":{"line":80,"column":24},"end":{"line":82,"column":9}},"line":80},"11":{"name":"(anonymous_11)","decl":{"start":{"line":86,"column":23},"end":{"line":86,"column":24}},"loc":{"start":{"line":86,"column":29},"end":{"line":99,"column":3}},"line":86},"12":{"name":"(anonymous_12)","decl":{"start":{"line":92,"column":14},"end":{"line":92,"column":15}},"loc":{"start":{"line":92,"column":20},"end":{"line":93,"column":9}},"line":92},"13":{"name":"(anonymous_13)","decl":{"start":{"line":94,"column":15},"end":{"line":94,"column":16}},"loc":{"start":{"line":94,"column":24},"end":{"line":96,"column":9}},"line":94},"14":{"name":"(anonymous_14)","decl":{"start":{"line":101,"column":21},"end":{"line":101,"column":22}},"loc":{"start":{"line":101,"column":36},"end":{"line":114,"column":3}},"line":101},"15":{"name":"(anonymous_15)","decl":{"start":{"line":116,"column":26},"end":{"line":116,"column":27}},"loc":{"start":{"line":116,"column":32},"end":{"line":135,"column":3}},"line":116},"16":{"name":"(anonymous_16)","decl":{"start":{"line":137,"column":23},"end":{"line":137,"column":24}},"loc":{"start":{"line":137,"column":29},"end":{"line":171,"column":3}},"line":137},"17":{"name":"(anonymous_17)","decl":{"start":{"line":161,"column":21},"end":{"line":161,"column":22}},"loc":{"start":{"line":161,"column":27},"end":{"line":161,"column":41}},"line":161},"18":{"name":"(anonymous_18)","decl":{"start":{"line":173,"column":28},"end":{"line":173,"column":29}},"loc":{"start":{"line":173,"column":34},"end":{"line":188,"column":3}},"line":173},"19":{"name":"(anonymous_19)","decl":{"start":{"line":190,"column":28},"end":{"line":190,"column":29}},"loc":{"start":{"line":190,"column":34},"end":{"line":205,"column":3}},"line":190},"20":{"name":"(anonymous_20)","decl":{"start":{"line":207,"column":27},"end":{"line":207,"column":28}},"loc":{"start":{"line":207,"column":33},"end":{"line":229,"column":3}},"line":207}},"branchMap":{"0":{"loc":{"start":{"line":42,"column":4},"end":{"line":65,"column":5}},"type":"if","locations":[{"start":{"line":42,"column":4},"end":{"line":65,"column":5}},{"start":{"line":42,"column":4},"end":{"line":65,"column":5}}],"line":42},"1":{"loc":{"start":{"line":71,"column":4},"end":{"line":83,"column":5}},"type":"if","locations":[{"start":{"line":71,"column":4},"end":{"line":83,"column":5}},{"start":{"line":71,"column":4},"end":{"line":83,"column":5}}],"line":71},"2":{"loc":{"start":{"line":87,"column":4},"end":{"line":98,"column":5}},"type":"if","locations":[{"start":{"line":87,"column":4},"end":{"line":98,"column":5}},{"start":{"line":87,"column":4},"end":{"line":98,"column":5}}],"line":87},"3":{"loc":{"start":{"line":106,"column":6},"end":{"line":110,"column":7}},"type":"if","locations":[{"start":{"line":106,"column":6},"end":{"line":110,"column":7}},{"start":{"line":106,"column":6},"end":{"line":110,"column":7}}],"line":106},"4":{"loc":{"start":{"line":117,"column":4},"end":{"line":133,"column":5}},"type":"if","locations":[{"start":{"line":117,"column":4},"end":{"line":133,"column":5}},{"start":{"line":117,"column":4},"end":{"line":133,"column":5}}],"line":117},"5":{"loc":{"start":{"line":139,"column":4},"end":{"line":169,"column":5}},"type":"if","locations":[{"start":{"line":139,"column":4},"end":{"line":169,"column":5}},{"start":{"line":139,"column":4},"end":{"line":169,"column":5}}],"line":139},"6":{"loc":{"start":{"line":174,"column":4},"end":{"line":186,"column":5}},"type":"if","locations":[{"start":{"line":174,"column":4},"end":{"line":186,"column":5}},{"start":{"line":174,"column":4},"end":{"line":186,"column":5}}],"line":174},"7":{"loc":{"start":{"line":191,"column":4},"end":{"line":203,"column":5}},"type":"if","locations":[{"start":{"line":191,"column":4},"end":{"line":203,"column":5}},{"start":{"line":191,"column":4},"end":{"line":203,"column":5}}],"line":191},"8":{"loc":{"start":{"line":209,"column":4},"end":{"line":227,"column":5}},"type":"if","locations":[{"start":{"line":209,"column":4},"end":{"line":227,"column":5}},{"start":{"line":209,"column":4},"end":{"line":227,"column":5}}],"line":209}},"s":{"0":1,"1":7,"2":6,"3":6,"4":6,"5":6,"6":6,"7":6,"8":6,"9":6,"10":6,"11":6,"12":6,"13":6,"14":6,"15":6,"16":6,"17":6,"18":6,"19":6,"20":0,"21":6,"22":0,"23":6,"24":0,"25":0,"26":6,"27":6,"28":0,"29":0,"30":0,"31":0,"32":6,"33":6,"34":6,"35":0,"36":0,"37":0,"38":0,"39":0,"40":0,"41":6,"42":0,"43":0,"44":0,"45":0,"46":0,"47":6,"48":0,"49":0,"50":0,"51":0,"52":0,"53":0,"54":0,"55":0,"56":0,"57":0,"58":6,"59":6,"60":0,"61":0,"62":0,"63":0,"64":6,"65":6,"66":6,"67":6,"68":0,"69":0,"70":0,"71":6,"72":6,"73":6,"74":0,"75":6,"76":6,"77":6,"78":0,"79":6,"80":6,"81":6,"82":6,"83":6,"84":6,"85":6},"f":{"0":7,"1":6,"2":0,"3":0,"4":0,"5":6,"6":0,"7":0,"8":0,"9":0,"10":0,"11":0,"12":0,"13":0,"14":0,"15":6,"16":6,"17":0,"18":6,"19":6,"20":6},"b":{"0":[0,6],"1":[0,0],"2":[0,0],"3":[0,0],"4":[0,6],"5":[0,6],"6":[0,6],"7":[0,6],"8":[6,0]},"_coverageSchema":"1a1c01bbd47fc00a2c39e90264f33305004495a9","hash":"7641da17dd8a39b6874a8ddb412223743a193121"}
,"/home/tobias/Documents/HackReactor/Project-Catwalk-FEC/client/src/components/R-and-R/components/reviews-list.jsx": {"path":"/home/tobias/Documents/HackReactor/Project-Catwalk-FEC/client/src/components/R-and-R/components/reviews-list.jsx","statementMap":{"0":{"start":{"line":6,"column":20},"end":{"line":69,"column":1}},"1":{"start":{"line":7,"column":24},"end":{"line":7,"column":39}},"2":{"start":{"line":8,"column":24},"end":{"line":8,"column":39}},"3":{"start":{"line":9,"column":26},"end":{"line":9,"column":41}},"4":{"start":{"line":10,"column":44},"end":{"line":10,"column":56}},"5":{"start":{"line":11,"column":18},"end":{"line":20,"column":3}},"6":{"start":{"line":12,"column":23},"end":{"line":15,"column":5}},"7":{"start":{"line":16,"column":18},"end":{"line":16,"column":49}},"8":{"start":{"line":17,"column":16},"end":{"line":17,"column":30}},"9":{"start":{"line":18,"column":17},"end":{"line":18,"column":35}},"10":{"start":{"line":19,"column":4},"end":{"line":19,"column":40}},"11":{"start":{"line":22,"column":19},"end":{"line":47,"column":3}},"12":{"start":{"line":23,"column":16},"end":{"line":23,"column":18}},"13":{"start":{"line":24,"column":4},"end":{"line":46,"column":5}},"14":{"start":{"line":25,"column":6},"end":{"line":44,"column":7}},"15":{"start":{"line":25,"column":19},"end":{"line":25,"column":39}},"16":{"start":{"line":26,"column":8},"end":{"line":43,"column":9}},"17":{"start":{"line":27,"column":10},"end":{"line":42,"column":12}},"18":{"start":{"line":45,"column":6},"end":{"line":45,"column":50}},"19":{"start":{"line":48,"column":2},"end":{"line":48,"column":34}},"20":{"start":{"line":48,"column":18},"end":{"line":48,"column":28}},"21":{"start":{"line":50,"column":25},"end":{"line":54,"column":3}},"22":{"start":{"line":51,"column":4},"end":{"line":53,"column":10}},"23":{"start":{"line":52,"column":46},"end":{"line":52,"column":56}},"24":{"start":{"line":56,"column":2},"end":{"line":68,"column":4}}},"fnMap":{"0":{"name":"(anonymous_0)","decl":{"start":{"line":6,"column":20},"end":{"line":6,"column":21}},"loc":{"start":{"line":6,"column":31},"end":{"line":69,"column":1}},"line":6},"1":{"name":"(anonymous_1)","decl":{"start":{"line":11,"column":18},"end":{"line":11,"column":19}},"loc":{"start":{"line":11,"column":28},"end":{"line":20,"column":3}},"line":11},"2":{"name":"(anonymous_2)","decl":{"start":{"line":22,"column":19},"end":{"line":22,"column":20}},"loc":{"start":{"line":22,"column":25},"end":{"line":47,"column":3}},"line":22},"3":{"name":"(anonymous_3)","decl":{"start":{"line":48,"column":12},"end":{"line":48,"column":13}},"loc":{"start":{"line":48,"column":18},"end":{"line":48,"column":28}},"line":48},"4":{"name":"(anonymous_4)","decl":{"start":{"line":50,"column":25},"end":{"line":50,"column":26}},"loc":{"start":{"line":51,"column":4},"end":{"line":53,"column":10}},"line":51},"5":{"name":"(anonymous_5)","decl":{"start":{"line":52,"column":40},"end":{"line":52,"column":41}},"loc":{"start":{"line":52,"column":46},"end":{"line":52,"column":56}},"line":52}},"branchMap":{"0":{"loc":{"start":{"line":24,"column":4},"end":{"line":46,"column":5}},"type":"if","locations":[{"start":{"line":24,"column":4},"end":{"line":46,"column":5}},{"start":{"line":24,"column":4},"end":{"line":46,"column":5}}],"line":24},"1":{"loc":{"start":{"line":26,"column":8},"end":{"line":43,"column":9}},"type":"if","locations":[{"start":{"line":26,"column":8},"end":{"line":43,"column":9}},{"start":{"line":26,"column":8},"end":{"line":43,"column":9}}],"line":26}},"s":{"0":1,"1":6,"2":5,"3":5,"4":5,"5":5,"6":6,"7":6,"8":6,"9":6,"10":6,"11":5,"12":3,"13":3,"14":3,"15":3,"16":6,"17":6,"18":3,"19":5,"20":2,"21":5,"22":5,"23":1,"24":5},"f":{"0":6,"1":6,"2":3,"3":2,"4":5,"5":1},"b":{"0":[3,0],"1":[6,0]},"_coverageSchema":"1a1c01bbd47fc00a2c39e90264f33305004495a9","hash":"3115d6e53124ab5f00d27a6be9155f73034acb1c"}
,"/home/tobias/Documents/HackReactor/Project-Catwalk-FEC/client/src/components/R-and-R/components/form-components/review-form.jsx": {"path":"/home/tobias/Documents/HackReactor/Project-Catwalk-FEC/client/src/components/R-and-R/components/form-components/review-form.jsx","statementMap":{"0":{"start":{"line":9,"column":19},"end":{"line":239,"column":1}},"1":{"start":{"line":10,"column":30},"end":{"line":10,"column":42}},"2":{"start":{"line":11,"column":26},"end":{"line":11,"column":38}},"3":{"start":{"line":12,"column":32},"end":{"line":12,"column":44}},"4":{"start":{"line":13,"column":26},"end":{"line":13,"column":38}},"5":{"start":{"line":14,"column":28},"end":{"line":14,"column":40}},"6":{"start":{"line":15,"column":36},"end":{"line":15,"column":51}},"7":{"start":{"line":16,"column":26},"end":{"line":16,"column":41}},"8":{"start":{"line":17,"column":30},"end":{"line":17,"column":42}},"9":{"start":{"line":18,"column":40},"end":{"line":18,"column":52}},"10":{"start":{"line":19,"column":30},"end":{"line":19,"column":42}},"11":{"start":{"line":20,"column":28},"end":{"line":20,"column":43}},"12":{"start":{"line":22,"column":24},"end":{"line":25,"column":3}},"13":{"start":{"line":23,"column":15},"end":{"line":23,"column":29}},"14":{"start":{"line":24,"column":4},"end":{"line":24,"column":26}},"15":{"start":{"line":27,"column":25},"end":{"line":35,"column":3}},"16":{"start":{"line":28,"column":22},"end":{"line":28,"column":24}},"17":{"start":{"line":30,"column":4},"end":{"line":30,"column":63}},"18":{"start":{"line":30,"column":30},"end":{"line":30,"column":63}},"19":{"start":{"line":31,"column":4},"end":{"line":31,"column":71}},"20":{"start":{"line":31,"column":36},"end":{"line":31,"column":71}},"21":{"start":{"line":32,"column":4},"end":{"line":32,"column":98}},"22":{"start":{"line":32,"column":59},"end":{"line":32,"column":98}},"23":{"start":{"line":33,"column":4},"end":{"line":33,"column":83}},"24":{"start":{"line":33,"column":50},"end":{"line":33,"column":83}},"25":{"start":{"line":34,"column":4},"end":{"line":34,"column":21}},"26":{"start":{"line":37,"column":21},"end":{"line":48,"column":3}},"27":{"start":{"line":38,"column":4},"end":{"line":47,"column":5}},"28":{"start":{"line":39,"column":6},"end":{"line":42,"column":9}},"29":{"start":{"line":43,"column":24},"end":{"line":43,"column":40}},"30":{"start":{"line":44,"column":6},"end":{"line":46,"column":7}},"31":{"start":{"line":45,"column":8},"end":{"line":45,"column":29}},"32":{"start":{"line":49,"column":20},"end":{"line":52,"column":3}},"33":{"start":{"line":50,"column":4},"end":{"line":50,"column":32}},"34":{"start":{"line":51,"column":4},"end":{"line":51,"column":22}},"35":{"start":{"line":54,"column":16},"end":{"line":62,"column":3}},"36":{"start":{"line":55,"column":4},"end":{"line":55,"column":18}},"37":{"start":{"line":56,"column":4},"end":{"line":56,"column":16}},"38":{"start":{"line":57,"column":4},"end":{"line":57,"column":19}},"39":{"start":{"line":58,"column":4},"end":{"line":58,"column":16}},"40":{"start":{"line":59,"column":4},"end":{"line":59,"column":17}},"41":{"start":{"line":60,"column":4},"end":{"line":60,"column":24}},"42":{"start":{"line":61,"column":4},"end":{"line":61,"column":18}},"43":{"start":{"line":64,"column":21},"end":{"line":83,"column":3}},"44":{"start":{"line":65,"column":19},"end":{"line":75,"column":5}},"45":{"start":{"line":76,"column":4},"end":{"line":82,"column":9}},"46":{"start":{"line":78,"column":8},"end":{"line":78,"column":16}},"47":{"start":{"line":81,"column":8},"end":{"line":81,"column":18}},"48":{"start":{"line":85,"column":26},"end":{"line":91,"column":3}},"49":{"start":{"line":86,"column":4},"end":{"line":90,"column":5}},"50":{"start":{"line":87,"column":6},"end":{"line":87,"column":40}},"51":{"start":{"line":89,"column":6},"end":{"line":89,"column":78}},"52":{"start":{"line":93,"column":23},"end":{"line":101,"column":3}},"53":{"start":{"line":94,"column":4},"end":{"line":94,"column":23}},"54":{"start":{"line":95,"column":22},"end":{"line":95,"column":38}},"55":{"start":{"line":96,"column":4},"end":{"line":100,"column":5}},"56":{"start":{"line":97,"column":6},"end":{"line":97,"column":27}},"57":{"start":{"line":99,"column":6},"end":{"line":99,"column":19}},"58":{"start":{"line":103,"column":2},"end":{"line":103,"column":45}},"59":{"start":{"line":103,"column":18},"end":{"line":103,"column":35}},"60":{"start":{"line":105,"column":2},"end":{"line":238,"column":4}},"61":{"start":{"line":114,"column":28},"end":{"line":114,"column":52}},"62":{"start":{"line":132,"column":29},"end":{"line":132,"column":75}},"63":{"start":{"line":156,"column":29},"end":{"line":156,"column":77}},"64":{"start":{"line":177,"column":27},"end":{"line":177,"column":79}},"65":{"start":{"line":198,"column":27},"end":{"line":198,"column":75}},"66":{"start":{"line":216,"column":12},"end":{"line":216,"column":48}},"67":{"start":{"line":218,"column":31},"end":{"line":218,"column":91}},"68":{"start":{"line":218,"column":65},"end":{"line":218,"column":89}}},"fnMap":{"0":{"name":"(anonymous_0)","decl":{"start":{"line":9,"column":19},"end":{"line":9,"column":20}},"loc":{"start":{"line":9,"column":30},"end":{"line":239,"column":1}},"line":9},"1":{"name":"(anonymous_1)","decl":{"start":{"line":22,"column":24},"end":{"line":22,"column":25}},"loc":{"start":{"line":22,"column":30},"end":{"line":25,"column":3}},"line":22},"2":{"name":"(anonymous_2)","decl":{"start":{"line":27,"column":25},"end":{"line":27,"column":26}},"loc":{"start":{"line":27,"column":31},"end":{"line":35,"column":3}},"line":27},"3":{"name":"(anonymous_3)","decl":{"start":{"line":37,"column":21},"end":{"line":37,"column":22}},"loc":{"start":{"line":37,"column":32},"end":{"line":48,"column":3}},"line":37},"4":{"name":"(anonymous_4)","decl":{"start":{"line":49,"column":20},"end":{"line":49,"column":21}},"loc":{"start":{"line":49,"column":51},"end":{"line":52,"column":3}},"line":49},"5":{"name":"(anonymous_5)","decl":{"start":{"line":54,"column":16},"end":{"line":54,"column":17}},"loc":{"start":{"line":54,"column":22},"end":{"line":62,"column":3}},"line":54},"6":{"name":"(anonymous_6)","decl":{"start":{"line":64,"column":21},"end":{"line":64,"column":22}},"loc":{"start":{"line":64,"column":27},"end":{"line":83,"column":3}},"line":64},"7":{"name":"(anonymous_7)","decl":{"start":{"line":77,"column":12},"end":{"line":77,"column":13}},"loc":{"start":{"line":77,"column":18},"end":{"line":79,"column":7}},"line":77},"8":{"name":"(anonymous_8)","decl":{"start":{"line":80,"column":13},"end":{"line":80,"column":14}},"loc":{"start":{"line":80,"column":22},"end":{"line":82,"column":7}},"line":80},"9":{"name":"(anonymous_9)","decl":{"start":{"line":85,"column":26},"end":{"line":85,"column":27}},"loc":{"start":{"line":85,"column":32},"end":{"line":91,"column":3}},"line":85},"10":{"name":"(anonymous_10)","decl":{"start":{"line":93,"column":23},"end":{"line":93,"column":24}},"loc":{"start":{"line":93,"column":30},"end":{"line":101,"column":3}},"line":93},"11":{"name":"(anonymous_11)","decl":{"start":{"line":103,"column":12},"end":{"line":103,"column":13}},"loc":{"start":{"line":103,"column":18},"end":{"line":103,"column":35}},"line":103},"12":{"name":"(anonymous_12)","decl":{"start":{"line":114,"column":22},"end":{"line":114,"column":23}},"loc":{"start":{"line":114,"column":28},"end":{"line":114,"column":52}},"line":114},"13":{"name":"(anonymous_13)","decl":{"start":{"line":132,"column":22},"end":{"line":132,"column":23}},"loc":{"start":{"line":132,"column":29},"end":{"line":132,"column":75}},"line":132},"14":{"name":"(anonymous_14)","decl":{"start":{"line":156,"column":22},"end":{"line":156,"column":23}},"loc":{"start":{"line":156,"column":29},"end":{"line":156,"column":77}},"line":156},"15":{"name":"(anonymous_15)","decl":{"start":{"line":177,"column":20},"end":{"line":177,"column":21}},"loc":{"start":{"line":177,"column":27},"end":{"line":177,"column":79}},"line":177},"16":{"name":"(anonymous_16)","decl":{"start":{"line":198,"column":20},"end":{"line":198,"column":21}},"loc":{"start":{"line":198,"column":27},"end":{"line":198,"column":75}},"line":198},"17":{"name":"(anonymous_17)","decl":{"start":{"line":215,"column":17},"end":{"line":215,"column":18}},"loc":{"start":{"line":215,"column":28},"end":{"line":217,"column":11}},"line":215},"18":{"name":"(anonymous_18)","decl":{"start":{"line":218,"column":20},"end":{"line":218,"column":21}},"loc":{"start":{"line":218,"column":31},"end":{"line":218,"column":91}},"line":218},"19":{"name":"(anonymous_19)","decl":{"start":{"line":218,"column":55},"end":{"line":218,"column":56}},"loc":{"start":{"line":218,"column":65},"end":{"line":218,"column":89}},"line":218}},"branchMap":{"0":{"loc":{"start":{"line":30,"column":4},"end":{"line":30,"column":63}},"type":"if","locations":[{"start":{"line":30,"column":4},"end":{"line":30,"column":63}},{"start":{"line":30,"column":4},"end":{"line":30,"column":63}}],"line":30},"1":{"loc":{"start":{"line":30,"column":8},"end":{"line":30,"column":28}},"type":"binary-expr","locations":[{"start":{"line":30,"column":8},"end":{"line":30,"column":13}},{"start":{"line":30,"column":17},"end":{"line":30,"column":28}}],"line":30},"2":{"loc":{"start":{"line":31,"column":4},"end":{"line":31,"column":71}},"type":"if","locations":[{"start":{"line":31,"column":4},"end":{"line":31,"column":71}},{"start":{"line":31,"column":4},"end":{"line":31,"column":71}}],"line":31},"3":{"loc":{"start":{"line":31,"column":8},"end":{"line":31,"column":34}},"type":"binary-expr","locations":[{"start":{"line":31,"column":8},"end":{"line":31,"column":14}},{"start":{"line":31,"column":18},"end":{"line":31,"column":34}}],"line":31},"4":{"loc":{"start":{"line":32,"column":4},"end":{"line":32,"column":98}},"type":"if","locations":[{"start":{"line":32,"column":4},"end":{"line":32,"column":98}},{"start":{"line":32,"column":4},"end":{"line":32,"column":98}}],"line":32},"5":{"loc":{"start":{"line":32,"column":8},"end":{"line":32,"column":57}},"type":"binary-expr","locations":[{"start":{"line":32,"column":8},"end":{"line":32,"column":16}},{"start":{"line":32,"column":20},"end":{"line":32,"column":34}},{"start":{"line":32,"column":38},"end":{"line":32,"column":57}}],"line":32},"6":{"loc":{"start":{"line":33,"column":4},"end":{"line":33,"column":83}},"type":"if","locations":[{"start":{"line":33,"column":4},"end":{"line":33,"column":83}},{"start":{"line":33,"column":4},"end":{"line":33,"column":83}}],"line":33},"7":{"loc":{"start":{"line":33,"column":8},"end":{"line":33,"column":48}},"type":"binary-expr","locations":[{"start":{"line":33,"column":8},"end":{"line":33,"column":13}},{"start":{"line":33,"column":17},"end":{"line":33,"column":28}},{"start":{"line":33,"column":32},"end":{"line":33,"column":48}}],"line":33},"8":{"loc":{"start":{"line":38,"column":4},"end":{"line":47,"column":5}},"type":"if","locations":[{"start":{"line":38,"column":4},"end":{"line":47,"column":5}},{"start":{"line":38,"column":4},"end":{"line":47,"column":5}}],"line":38},"9":{"loc":{"start":{"line":44,"column":6},"end":{"line":46,"column":7}},"type":"if","locations":[{"start":{"line":44,"column":6},"end":{"line":46,"column":7}},{"start":{"line":44,"column":6},"end":{"line":46,"column":7}}],"line":44},"10":{"loc":{"start":{"line":86,"column":4},"end":{"line":90,"column":5}},"type":"if","locations":[{"start":{"line":86,"column":4},"end":{"line":90,"column":5}},{"start":{"line":86,"column":4},"end":{"line":90,"column":5}}],"line":86},"11":{"loc":{"start":{"line":96,"column":4},"end":{"line":100,"column":5}},"type":"if","locations":[{"start":{"line":96,"column":4},"end":{"line":100,"column":5}},{"start":{"line":96,"column":4},"end":{"line":100,"column":5}}],"line":96}},"s":{"0":1,"1":2,"2":2,"3":2,"4":2,"5":2,"6":2,"7":2,"8":2,"9":2,"10":2,"11":2,"12":2,"13":0,"14":0,"15":2,"16":0,"17":0,"18":0,"19":0,"20":0,"21":0,"22":0,"23":0,"24":0,"25":0,"26":2,"27":0,"28":0,"29":0,"30":0,"31":0,"32":2,"33":0,"34":0,"35":2,"36":0,"37":0,"38":0,"39":0,"40":0,"41":0,"42":0,"43":2,"44":0,"45":0,"46":0,"47":0,"48":2,"49":1,"50":0,"51":1,"52":2,"53":0,"54":0,"55":0,"56":0,"57":0,"58":2,"59":1,"60":2,"61":0,"62":0,"63":0,"64":0,"65":0,"66":0,"67":0,"68":0},"f":{"0":2,"1":0,"2":0,"3":0,"4":0,"5":0,"6":0,"7":0,"8":0,"9":1,"10":0,"11":1,"12":0,"13":0,"14":0,"15":0,"16":0,"17":0,"18":0,"19":0},"b":{"0":[0,0],"1":[0,0],"2":[0,0],"3":[0,0],"4":[0,0],"5":[0,0,0],"6":[0,0],"7":[0,0,0],"8":[0,0],"9":[0,0],"10":[0,1],"11":[0,0]},"_coverageSchema":"1a1c01bbd47fc00a2c39e90264f33305004495a9","hash":"317b1cb03a40a678bbdfc86db7bb229ad6e3ab4a"}
}
