TN:
SF:client/src/components/R-and-R/r-and-r.jsx
FN:6,(anonymous_0)
FN:14,(anonymous_1)
FN:22,(anonymous_2)
FN:30,(anonymous_3)
FN:37,(anonymous_4)
FN:42,(anonymous_5)
FN:47,(anonymous_6)
FN:54,(anonymous_7)
FN:67,(anonymous_8)
FN:70,(anonymous_9)
FNF:10
FNH:6
FNDA:2,(anonymous_0)
FNDA:2,(anonymous_1)
FNDA:0,(anonymous_2)
FNDA:0,(anonymous_3)
FNDA:2,(anonymous_4)
FNDA:0,(anonymous_5)
FNDA:0,(anonymous_6)
FNDA:2,(anonymous_7)
FNDA:2,(anonymous_8)
FNDA:1,(anonymous_9)
DA:6,1
DA:7,2
DA:8,2
DA:9,2
DA:10,2
DA:11,2
DA:12,2
DA:13,2
DA:14,2
DA:15,2
DA:21,2
DA:23,0
DA:24,0
DA:25,0
DA:26,0
DA:27,0
DA:31,0
DA:32,0
DA:37,2
DA:38,2
DA:41,2
DA:43,0
DA:44,0
DA:48,0
DA:49,0
DA:54,2
DA:55,2
DA:56,0
DA:64,2
DA:67,2
DA:68,2
DA:69,2
DA:70,2
DA:72,2
LF:34
LH:22
BRDA:23,0,0,0
BRDA:23,0,1,0
BRDA:31,1,0,0
BRDA:31,1,1,0
BRDA:43,2,0,0
BRDA:43,2,1,0
BRDA:48,3,0,0
BRDA:48,3,1,0
BRDA:55,4,0,0
BRDA:55,4,1,2
BRF:10
BRH:1
end_of_record
TN:
SF:client/src/components/R-and-R/components/response-form.jsx
FN:8,(anonymous_0)
FN:13,(anonymous_1)
FN:14,(anonymous_2)
FN:63,(anonymous_3)
FNF:4
FNH:2
FNDA:7,(anonymous_0)
FNDA:0,(anonymous_1)
FNDA:1,(anonymous_2)
FNDA:0,(anonymous_3)
DA:8,1
DA:9,7
DA:10,7
DA:11,7
DA:13,7
DA:14,7
DA:16,7
DA:63,0
LF:8
LH:7
BRF:0
BRH:0
end_of_record
TN:
SF:client/src/components/R-and-R/components/review-tile.jsx
FN:14,(anonymous_0)
FN:21,(anonymous_1)
FN:33,(anonymous_2)
FN:34,(anonymous_3)
FN:36,(anonymous_4)
FN:41,(anonymous_5)
FN:43,(anonymous_6)
FN:45,(anonymous_7)
FN:70,(anonymous_8)
FN:78,(anonymous_9)
FN:80,(anonymous_10)
FN:86,(anonymous_11)
FN:92,(anonymous_12)
FN:94,(anonymous_13)
FN:101,(anonymous_14)
FN:116,(anonymous_15)
FN:137,(anonymous_16)
FN:161,(anonymous_17)
FN:173,(anonymous_18)
FN:190,(anonymous_19)
FN:207,(anonymous_20)
FNF:21
FNH:8
FNDA:7,(anonymous_0)
FNDA:6,(anonymous_1)
FNDA:0,(anonymous_2)
FNDA:0,(anonymous_3)
FNDA:0,(anonymous_4)
FNDA:6,(anonymous_5)
FNDA:0,(anonymous_6)
FNDA:0,(anonymous_7)
FNDA:0,(anonymous_8)
FNDA:0,(anonymous_9)
FNDA:0,(anonymous_10)
FNDA:0,(anonymous_11)
FNDA:0,(anonymous_12)
FNDA:0,(anonymous_13)
FNDA:0,(anonymous_14)
FNDA:6,(anonymous_15)
FNDA:6,(anonymous_16)
FNDA:0,(anonymous_17)
FNDA:6,(anonymous_18)
FNDA:6,(anonymous_19)
FNDA:6,(anonymous_20)
DA:14,1
DA:15,7
DA:16,6
DA:17,6
DA:18,6
DA:19,6
DA:20,6
DA:21,6
DA:22,6
DA:23,6
DA:25,6
DA:26,6
DA:27,6
DA:28,6
DA:29,6
DA:30,6
DA:31,6
DA:32,6
DA:33,6
DA:34,6
DA:36,6
DA:37,0
DA:38,0
DA:41,6
DA:42,6
DA:43,0
DA:44,0
DA:45,0
DA:57,0
DA:66,6
DA:68,6
DA:70,6
DA:71,0
DA:72,0
DA:73,0
DA:74,0
DA:77,0
DA:81,0
DA:86,6
DA:87,0
DA:88,0
DA:91,0
DA:95,0
DA:97,0
DA:101,6
DA:102,0
DA:104,0
DA:105,0
DA:106,0
DA:107,0
DA:108,0
DA:109,0
DA:112,0
DA:113,0
DA:116,6
DA:117,6
DA:118,0
DA:119,0
DA:121,0
DA:132,0
DA:134,6
DA:137,6
DA:138,6
DA:139,6
DA:140,0
DA:141,0
DA:161,0
DA:170,6
DA:173,6
DA:174,6
DA:175,0
DA:187,6
DA:190,6
DA:191,6
DA:192,0
DA:204,6
DA:207,6
DA:208,6
DA:209,6
DA:210,6
DA:228,6
DA:231,6
LF:82
LH:47
BRDA:42,0,0,0
BRDA:42,0,1,6
BRDA:71,1,0,0
BRDA:71,1,1,0
BRDA:87,2,0,0
BRDA:87,2,1,0
BRDA:106,3,0,0
BRDA:106,3,1,0
BRDA:117,4,0,0
BRDA:117,4,1,6
BRDA:139,5,0,0
BRDA:139,5,1,6
BRDA:174,6,0,0
BRDA:174,6,1,6
BRDA:191,7,0,0
BRDA:191,7,1,6
BRDA:209,8,0,6
BRDA:209,8,1,0
BRF:18
BRH:6
end_of_record
TN:
SF:client/src/components/R-and-R/components/reviews-list.jsx
FN:6,(anonymous_0)
FN:11,(anonymous_1)
FN:22,(anonymous_2)
FN:48,(anonymous_3)
FN:50,(anonymous_4)
FN:52,(anonymous_5)
FNF:6
FNH:6
FNDA:6,(anonymous_0)
FNDA:6,(anonymous_1)
FNDA:3,(anonymous_2)
FNDA:2,(anonymous_3)
FNDA:5,(anonymous_4)
FNDA:1,(anonymous_5)
DA:6,1
DA:7,6
DA:8,5
DA:9,5
DA:10,5
DA:11,5
DA:12,6
DA:16,6
DA:17,6
DA:18,6
DA:19,6
DA:22,5
DA:23,3
DA:24,3
DA:25,3
DA:26,6
DA:27,6
DA:45,3
DA:48,5
DA:50,5
DA:51,5
DA:52,1
DA:56,5
LF:23
LH:23
BRDA:24,0,0,3
BRDA:24,0,1,0
BRDA:26,1,0,6
BRDA:26,1,1,0
BRF:4
BRH:2
end_of_record
TN:
SF:client/src/components/R-and-R/components/form-components/review-form.jsx
FN:9,(anonymous_0)
FN:22,(anonymous_1)
FN:27,(anonymous_2)
FN:37,(anonymous_3)
FN:49,(anonymous_4)
FN:54,(anonymous_5)
FN:64,(anonymous_6)
FN:77,(anonymous_7)
FN:80,(anonymous_8)
FN:85,(anonymous_9)
FN:93,(anonymous_10)
FN:103,(anonymous_11)
FN:114,(anonymous_12)
FN:132,(anonymous_13)
FN:156,(anonymous_14)
FN:177,(anonymous_15)
FN:198,(anonymous_16)
FN:215,(anonymous_17)
FN:218,(anonymous_18)
FN:218,(anonymous_19)
FNF:20
FNH:3
FNDA:2,(anonymous_0)
FNDA:0,(anonymous_1)
FNDA:0,(anonymous_2)
FNDA:0,(anonymous_3)
FNDA:0,(anonymous_4)
FNDA:0,(anonymous_5)
FNDA:0,(anonymous_6)
FNDA:0,(anonymous_7)
FNDA:0,(anonymous_8)
FNDA:1,(anonymous_9)
FNDA:0,(anonymous_10)
FNDA:1,(anonymous_11)
FNDA:0,(anonymous_12)
FNDA:0,(anonymous_13)
FNDA:0,(anonymous_14)
FNDA:0,(anonymous_15)
FNDA:0,(anonymous_16)
FNDA:0,(anonymous_17)
FNDA:0,(anonymous_18)
FNDA:0,(anonymous_19)
DA:9,1
DA:10,2
DA:11,2
DA:12,2
DA:13,2
DA:14,2
DA:15,2
DA:16,2
DA:17,2
DA:18,2
DA:19,2
DA:20,2
DA:22,2
DA:23,0
DA:24,0
DA:27,2
DA:28,0
DA:30,0
DA:31,0
DA:32,0
DA:33,0
DA:34,0
DA:37,2
DA:38,0
DA:39,0
DA:43,0
DA:44,0
DA:45,0
DA:49,2
DA:50,0
DA:51,0
DA:54,2
DA:55,0
DA:56,0
DA:57,0
DA:58,0
DA:59,0
DA:60,0
DA:61,0
DA:64,2
DA:65,0
DA:76,0
DA:78,0
DA:81,0
DA:85,2
DA:86,1
DA:87,0
DA:89,1
DA:93,2
DA:94,0
DA:95,0
DA:96,0
DA:97,0
DA:99,0
DA:103,2
DA:105,2
DA:114,0
DA:132,0
DA:156,0
DA:177,0
DA:198,0
DA:216,0
DA:218,0
LF:63
LH:24
BRDA:30,0,0,0
BRDA:30,0,1,0
BRDA:30,1,0,0
BRDA:30,1,1,0
BRDA:31,2,0,0
BRDA:31,2,1,0
BRDA:31,3,0,0
BRDA:31,3,1,0
BRDA:32,4,0,0
BRDA:32,4,1,0
BRDA:32,5,0,0
BRDA:32,5,1,0
BRDA:32,5,2,0
BRDA:33,6,0,0
BRDA:33,6,1,0
BRDA:33,7,0,0
BRDA:33,7,1,0
BRDA:33,7,2,0
BRDA:38,8,0,0
BRDA:38,8,1,0
BRDA:44,9,0,0
BRDA:44,9,1,0
BRDA:86,10,0,0
BRDA:86,10,1,1
BRDA:96,11,0,0
BRDA:96,11,1,0
BRF:26
BRH:1
end_of_record
